22:14:26.651 [main] INFO  TestCases.TC001_AccountRegistrationTest - *****Starting the TC001_AccountRegistrationTest********** 
22:14:26.892 [main] INFO  TestCases.TC001_AccountRegistrationTest - ***Clicking on My Account***
22:14:27.364 [main] INFO  TestCases.TC001_AccountRegistrationTest - ***Clicking on Register***
22:14:27.368 [main] INFO  TestCases.TC001_AccountRegistrationTest - ***Providing customer data***
22:14:28.030 [main] INFO  TestCases.TC001_AccountRegistrationTest - ***Clicking on Continue***
22:14:34.463 [main] INFO  TestCases.TC001_AccountRegistrationTest - ****Validating Expected Message***
22:14:34.465 [main] INFO  TestCases.TC001_AccountRegistrationTest - *****completed the TC001_AccountRegistrationTest********** 
22:18:14.196 [main] DEBUG io.netty.util.internal.logging.InternalLoggerFactory - Using Log4J2 as the default logging framework
22:18:14.211 [main] DEBUG io.netty.util.ResourceLeakDetector - -Dio.netty.leakDetection.level: simple
22:18:14.211 [main] DEBUG io.netty.util.ResourceLeakDetector - -Dio.netty.leakDetection.targetRecords: 4
22:18:14.215 [main] DEBUG io.netty.util.ResourceLeakDetectorFactory - Loaded default ResourceLeakDetector: io.netty.util.ResourceLeakDetector@6b667cb3
22:18:14.235 [main] DEBUG io.netty.util.internal.PlatformDependent0 - -Dio.netty.noUnsafe: false
22:18:14.235 [main] DEBUG io.netty.util.internal.PlatformDependent0 - Java version: 17
22:18:14.236 [main] DEBUG io.netty.util.internal.PlatformDependent0 - sun.misc.Unsafe.theUnsafe: available
22:18:14.237 [main] DEBUG io.netty.util.internal.PlatformDependent0 - sun.misc.Unsafe.copyMemory: available
22:18:14.238 [main] DEBUG io.netty.util.internal.PlatformDependent0 - sun.misc.Unsafe.storeFence: available
22:18:14.239 [main] DEBUG io.netty.util.internal.PlatformDependent0 - java.nio.Buffer.address: available
22:18:14.240 [main] DEBUG io.netty.util.internal.PlatformDependent0 - direct buffer constructor: unavailable: Reflective setAccessible(true) disabled
22:18:14.240 [main] DEBUG io.netty.util.internal.PlatformDependent0 - java.nio.Bits.unaligned: available, true
22:18:14.242 [main] DEBUG io.netty.util.internal.PlatformDependent0 - jdk.internal.misc.Unsafe.allocateUninitializedArray(int): unavailable: class io.netty.util.internal.PlatformDependent0$7 cannot access class jdk.internal.misc.Unsafe (in module java.base) because module java.base does not export jdk.internal.misc to unnamed module @a67c67e
22:18:14.244 [main] DEBUG io.netty.util.internal.PlatformDependent0 - java.nio.DirectByteBuffer.<init>(long, int): unavailable
22:18:14.244 [main] DEBUG io.netty.util.internal.PlatformDependent - sun.misc.Unsafe: available
22:18:14.245 [main] DEBUG io.netty.util.internal.PlatformDependent - maxDirectMemory: 1969225728 bytes (maybe)
22:18:14.245 [main] DEBUG io.netty.util.internal.PlatformDependent - -Dio.netty.tmpdir: C:\Users\tests\AppData\Local\Temp (java.io.tmpdir)
22:18:14.245 [main] DEBUG io.netty.util.internal.PlatformDependent - -Dio.netty.bitMode: 64 (sun.arch.data.model)
22:18:14.245 [main] DEBUG io.netty.util.internal.PlatformDependent - Platform: Windows
22:18:14.246 [main] DEBUG io.netty.util.internal.PlatformDependent - -Dio.netty.maxDirectMemory: -1 bytes
22:18:14.246 [main] DEBUG io.netty.util.internal.PlatformDependent - -Dio.netty.uninitializedArrayAllocationThreshold: -1
22:18:14.248 [main] DEBUG io.netty.util.internal.CleanerJava9 - java.nio.ByteBuffer.cleaner(): available
22:18:14.248 [main] DEBUG io.netty.util.internal.PlatformDependent - -Dio.netty.noPreferDirect: false
22:18:14.257 [main] DEBUG io.netty.util.internal.PlatformDependent - org.jctools-core.MpscChunkedArrayQueue: available
22:18:14.282 [main] DEBUG io.netty.util.internal.InternalThreadLocalMap - -Dio.netty.threadLocalMap.stringBuilder.initialSize: 1024
22:18:14.283 [main] DEBUG io.netty.util.internal.InternalThreadLocalMap - -Dio.netty.threadLocalMap.stringBuilder.maxSize: 4096
22:18:14.333 [main] DEBUG io.netty.handler.ssl.JdkSslContext - Default protocols (JDK): [TLSv1.3, TLSv1.2] 
22:18:14.333 [main] DEBUG io.netty.handler.ssl.JdkSslContext - Default cipher suites (JDK): [TLS_ECDHE_ECDSA_WITH_AES_256_GCM_SHA384, TLS_ECDHE_ECDSA_WITH_AES_128_GCM_SHA256, TLS_ECDHE_RSA_WITH_AES_128_GCM_SHA256, TLS_ECDHE_RSA_WITH_AES_256_GCM_SHA384, TLS_ECDHE_RSA_WITH_AES_128_CBC_SHA, TLS_ECDHE_RSA_WITH_AES_256_CBC_SHA, TLS_RSA_WITH_AES_128_GCM_SHA256, TLS_RSA_WITH_AES_128_CBC_SHA, TLS_RSA_WITH_AES_256_CBC_SHA, TLS_AES_128_GCM_SHA256, TLS_AES_256_GCM_SHA384]
22:18:14.361 [main] DEBUG io.netty.channel.MultithreadEventLoopGroup - -Dio.netty.eventLoopThreads: 24
22:18:14.372 [main] DEBUG io.netty.channel.nio.NioEventLoop - -Dio.netty.noKeySetOptimization: false
22:18:14.372 [main] DEBUG io.netty.channel.nio.NioEventLoop - -Dio.netty.selectorAutoRebuildThreshold: 512
22:18:14.462 [main] DEBUG io.netty.buffer.PooledByteBufAllocator - -Dio.netty.allocator.numHeapArenas: 24
22:18:14.462 [main] DEBUG io.netty.buffer.PooledByteBufAllocator - -Dio.netty.allocator.numDirectArenas: 24
22:18:14.462 [main] DEBUG io.netty.buffer.PooledByteBufAllocator - -Dio.netty.allocator.pageSize: 8192
22:18:14.462 [main] DEBUG io.netty.buffer.PooledByteBufAllocator - -Dio.netty.allocator.maxOrder: 9
22:18:14.462 [main] DEBUG io.netty.buffer.PooledByteBufAllocator - -Dio.netty.allocator.chunkSize: 4194304
22:18:14.462 [main] DEBUG io.netty.buffer.PooledByteBufAllocator - -Dio.netty.allocator.smallCacheSize: 256
22:18:14.462 [main] DEBUG io.netty.buffer.PooledByteBufAllocator - -Dio.netty.allocator.normalCacheSize: 64
22:18:14.463 [main] DEBUG io.netty.buffer.PooledByteBufAllocator - -Dio.netty.allocator.maxCachedBufferCapacity: 32768
22:18:14.463 [main] DEBUG io.netty.buffer.PooledByteBufAllocator - -Dio.netty.allocator.cacheTrimInterval: 8192
22:18:14.463 [main] DEBUG io.netty.buffer.PooledByteBufAllocator - -Dio.netty.allocator.cacheTrimIntervalMillis: 0
22:18:14.463 [main] DEBUG io.netty.buffer.PooledByteBufAllocator - -Dio.netty.allocator.useCacheForAllThreads: false
22:18:14.463 [main] DEBUG io.netty.buffer.PooledByteBufAllocator - -Dio.netty.allocator.maxCachedByteBuffersPerChunk: 1023
22:18:14.474 [main] DEBUG io.netty.buffer.ByteBufUtil - -Dio.netty.allocator.type: pooled
22:18:14.474 [main] DEBUG io.netty.buffer.ByteBufUtil - -Dio.netty.threadLocalDirectBufferSize: 0
22:18:14.474 [main] DEBUG io.netty.buffer.ByteBufUtil - -Dio.netty.maxThreadLocalCharBufferSize: 16384
22:18:14.802 [Forwarding newSession on session null to remote] DEBUG io.netty.channel.DefaultChannelId - -Dio.netty.processId: 17788 (auto-detected)
22:18:14.805 [Forwarding newSession on session null to remote] DEBUG io.netty.util.NetUtil - -Djava.net.preferIPv4Stack: false
22:18:14.805 [Forwarding newSession on session null to remote] DEBUG io.netty.util.NetUtil - -Djava.net.preferIPv6Addresses: false
22:18:14.814 [Forwarding newSession on session null to remote] DEBUG io.netty.util.NetUtilInitializations - Loopback interface: lo (Software Loopback Interface 1, 127.0.0.1)
22:18:14.815 [Forwarding newSession on session null to remote] DEBUG io.netty.util.NetUtil - Failed to get SOMAXCONN from sysctl and file \proc\sys\net\core\somaxconn. Default: 200
22:18:14.838 [Forwarding newSession on session null to remote] DEBUG io.netty.channel.DefaultChannelId - -Dio.netty.machineId: 38:d5:7a:ff:fe:0a:3a:e7 (auto-detected)
22:18:14.897 [AsyncHttpClient-1-2] DEBUG io.netty.buffer.AbstractByteBuf - -Dio.netty.buffer.checkAccessible: true
22:18:14.898 [AsyncHttpClient-1-2] DEBUG io.netty.buffer.AbstractByteBuf - -Dio.netty.buffer.checkBounds: true
22:18:14.898 [AsyncHttpClient-1-2] DEBUG io.netty.util.ResourceLeakDetectorFactory - Loaded default ResourceLeakDetector: io.netty.util.ResourceLeakDetector@7d20709c
22:18:14.919 [AsyncHttpClient-1-2] DEBUG io.netty.util.Recycler - -Dio.netty.recycler.maxCapacityPerThread: 4096
22:18:14.920 [AsyncHttpClient-1-2] DEBUG io.netty.util.Recycler - -Dio.netty.recycler.ratio: 8
22:18:14.920 [AsyncHttpClient-1-2] DEBUG io.netty.util.Recycler - -Dio.netty.recycler.chunkSize: 32
22:18:14.920 [AsyncHttpClient-1-2] DEBUG io.netty.util.Recycler - -Dio.netty.recycler.blocking: false
22:18:15.549 [AsyncHttpClient-1-2] DEBUG io.netty.handler.codec.compression.Brotli - brotli4j not in the classpath; Brotli support will be unavailable.
22:18:15.680 [main] DEBUG io.netty.util.internal.ThreadLocalRandom - -Dio.netty.initialSeedUniquifier: 0xae210b05f0edec22
22:18:16.556 [main] INFO  TestCases.TC001_AccountRegistrationTest - *****Starting the TC001_AccountRegistrationTest********** 
22:18:16.867 [main] INFO  TestCases.TC001_AccountRegistrationTest - ***Clicking on My Account***
22:18:17.360 [main] INFO  TestCases.TC001_AccountRegistrationTest - ***Clicking on Register***
22:18:17.362 [main] INFO  TestCases.TC001_AccountRegistrationTest - ***Providing customer data***
22:18:18.021 [main] INFO  TestCases.TC001_AccountRegistrationTest - ***Clicking on Continue***
22:18:24.473 [main] INFO  TestCases.TC001_AccountRegistrationTest - ****Validating Expected Message***
22:18:24.475 [main] INFO  TestCases.TC001_AccountRegistrationTest - *****completed the TC001_AccountRegistrationTest********** 
22:25:56.055 [main] INFO  TestCases.TC001_AccountRegistrationTest - *****Starting the TC001_AccountRegistrationTest********** 
22:25:56.351 [main] INFO  TestCases.TC001_AccountRegistrationTest - ***Clicking on My Account***
22:25:56.823 [main] INFO  TestCases.TC001_AccountRegistrationTest - ***Clicking on Register***
22:25:56.826 [main] INFO  TestCases.TC001_AccountRegistrationTest - ***Providing customer data***
22:25:57.527 [main] INFO  TestCases.TC001_AccountRegistrationTest - ***Clicking on Continue***
22:26:03.973 [main] INFO  TestCases.TC001_AccountRegistrationTest - ****Validating Expected Message***
22:26:03.976 [main] INFO  TestCases.TC001_AccountRegistrationTest - *****completed the TC001_AccountRegistrationTest********** 
22:38:50.035 [main] INFO  TestCases.TC001_AccountRegistrationTest - *****Starting the TC001_AccountRegistrationTest********** 
22:38:50.184 [main] INFO  TestCases.TC001_AccountRegistrationTest - ***Clicking on My Account***
22:38:50.678 [main] INFO  TestCases.TC001_AccountRegistrationTest - ***Clicking on Register***
22:38:50.681 [main] INFO  TestCases.TC001_AccountRegistrationTest - ***Providing customer data***
22:38:51.321 [main] INFO  TestCases.TC001_AccountRegistrationTest - ***Clicking on Continue***
22:59:02.566 [main] INFO  TestCases.TC001_AccountRegistrationTest - *****Starting the TC001_AccountRegistrationTest********** 
22:59:02.705 [main] INFO  TestCases.TC001_AccountRegistrationTest - ***Clicking on My Account***
22:59:03.263 [main] INFO  TestCases.TC001_AccountRegistrationTest - ***Clicking on Register***
22:59:03.265 [main] INFO  TestCases.TC001_AccountRegistrationTest - ***Providing customer data***
22:59:03.967 [main] INFO  TestCases.TC001_AccountRegistrationTest - ***Clicking on Continue***
22:59:10.420 [main] INFO  TestCases.TC001_AccountRegistrationTest - ****Validating Expected Message***
22:59:10.423 [main] INFO  TestCases.TC001_AccountRegistrationTest - *****completed the TC001_AccountRegistrationTest********** 
00:38:43.294 [main] INFO  TestCases.TC001_AccountRegistrationTest - *****Starting the TC001_AccountRegistrationTest********** 
00:38:43.435 [main] INFO  TestCases.TC001_AccountRegistrationTest - ***Clicking on My Account***
00:38:44.012 [main] INFO  TestCases.TC001_AccountRegistrationTest - ***Clicking on Register***
00:38:44.015 [main] INFO  TestCases.TC001_AccountRegistrationTest - ***Providing customer data***
00:38:44.814 [main] INFO  TestCases.TC001_AccountRegistrationTest - ***Clicking on Continue***
00:38:51.334 [main] INFO  TestCases.TC001_AccountRegistrationTest - ****Validating Expected Message***
00:38:51.338 [main] INFO  TestCases.TC001_AccountRegistrationTest - *****completed the TC001_AccountRegistrationTest********** 
01:47:44.839 [main] INFO  TestCases.TC001_AccountRegistrationTest - *****Starting the TC001_AccountRegistrationTest********** 
01:47:45.013 [main] INFO  TestCases.TC001_AccountRegistrationTest - ***Clicking on My Account***
01:47:45.615 [main] INFO  TestCases.TC001_AccountRegistrationTest - ***Clicking on Register***
01:47:45.619 [main] INFO  TestCases.TC001_AccountRegistrationTest - ***Providing customer data***
01:47:46.287 [main] INFO  TestCases.TC001_AccountRegistrationTest - ***Clicking on Continue***
01:47:52.806 [main] INFO  TestCases.TC001_AccountRegistrationTest - ****Validating Expected Message***
01:47:52.809 [main] INFO  TestCases.TC001_AccountRegistrationTest - *****completed the TC001_AccountRegistrationTest********** 
02:01:56.682 [main] INFO  TestCases.TC001_AccountRegistrationTest - *****Starting the TC001_AccountRegistrationTest********** 
02:01:56.870 [main] INFO  TestCases.TC001_AccountRegistrationTest - ***Clicking on My Account***
02:01:57.426 [main] INFO  TestCases.TC001_AccountRegistrationTest - ***Clicking on Register***
02:01:57.430 [main] INFO  TestCases.TC001_AccountRegistrationTest - ***Providing customer data***
02:01:58.349 [main] INFO  TestCases.TC001_AccountRegistrationTest - ***Clicking on Continue***
02:02:04.904 [main] INFO  TestCases.TC001_AccountRegistrationTest - ****Validating Expected Message***
02:02:04.906 [main] INFO  TestCases.TC001_AccountRegistrationTest - *****completed the TC001_AccountRegistrationTest********** 
08:17:40.958 [main] INFO  TestCases.TC001_AccountRegistrationTest - *****Starting the TC001_AccountRegistrationTest********** 
08:17:41.127 [main] INFO  TestCases.TC001_AccountRegistrationTest - ***Clicking on My Account***
08:17:41.773 [main] INFO  TestCases.TC001_AccountRegistrationTest - ***Clicking on Register***
08:17:41.777 [main] INFO  TestCases.TC001_AccountRegistrationTest - ***Providing customer data***
08:17:42.654 [main] INFO  TestCases.TC001_AccountRegistrationTest - ***Clicking on Continue***
08:17:49.364 [main] INFO  TestCases.TC001_AccountRegistrationTest - ****Validating Expected Message***
08:17:49.368 [main] INFO  TestCases.TC001_AccountRegistrationTest - *****completed the TC001_AccountRegistrationTest********** 
08:55:58.586 [main] INFO  TestCases.TC001_AccountRegistrationTest - *****Starting the TC001_AccountRegistrationTest********** 
08:55:58.828 [main] INFO  TestCases.TC001_AccountRegistrationTest - ***Clicking on My Account***
08:55:59.667 [main] INFO  TestCases.TC001_AccountRegistrationTest - ***Clicking on Register***
08:55:59.671 [main] INFO  TestCases.TC001_AccountRegistrationTest - ***Providing customer data***
08:56:00.737 [main] INFO  TestCases.TC001_AccountRegistrationTest - ***Clicking on Continue***
08:56:07.507 [main] INFO  TestCases.TC001_AccountRegistrationTest - ****Validating Expected Message***
08:56:07.509 [main] INFO  TestCases.TC001_AccountRegistrationTest - *****completed the TC001_AccountRegistrationTest********** 
